<?xml version="1.0" encoding="UTF-8" ?>
<testsuites>
  <testsuite errors="0" failures="4" hostname="Manish-VAIO" id="0" name="CalculatorTest" package="com.hcl" tests="4" time="0.437" timestamp="2014-01-27T05:53:12">
      <properties>
[...]
</properties>

      <testcase classname="junit.framework.TestSuite$1" name="warning" time="0.016">
          <failure message="Exception in constructor: testsubFloat (java.lang.VerifyError: Expecting a stackmap frame at branch target 87&#xa;Exception Details:&#xa;  Location:&#xa;    com/hcl/Calculator.divideInt(II)I @31: ifeq&#xa;  Reason:&#xa;    Expected stackmap frame at this location.&#xa;  Bytecode:&#xa;    0000000: 033e 11ff ff36 04b8 000f 1211 b600 1511&#xa;    0000010: 0012 b600 1b1c 1100 123e 1100 0036 0499&#xa;    0000020: 0038 1d11 0012 a000 1f15 0411 0000 a000&#xa;    0000030: 17b8 000f 1211 b600 151d 1504 04b6 002d&#xa;    0000040: 11ff ff36 04b8 000f 1211 b600 1511 0013&#xa;    0000050: b600 1b1b 1c6c ac15 049b 0017 b800 0f12&#xa;    0000060: 11b6 0015 1d15 0403 b600 2d11 ffff 3604&#xa;    0000070: b800 0f12 11b6 0015 1100 15b6 001b 03ac&#xa;    0000080:                                        &#xa;&#xd;&#xa;&#x9;at com.hcl.CalculatorTest.&lt;init&gt;(CalculatorTest.java:7)&#xd;&#xa;&#x9;at sun.reflect.NativeConstructorAccessorImpl.newInstance0(Native Method)&#xd;&#xa;&#x9;at sun.reflect.NativeConstructorAccessorImpl.newInstance(Unknown Source)&#xd;&#xa;&#x9;at sun.reflect.DelegatingConstructorAccessorImpl.newInstance(Unknown Source)&#xd;&#xa;&#x9;at java.lang.reflect.Constructor.newInstance(Unknown Source)&#xd;&#xa;&#x9;at junit.framework.TestSuite.createTest(TestSuite.java:131)&#xd;&#xa;&#x9;at junit.framework.TestSuite.addTestMethod(TestSuite.java:114)&#xd;&#xa;&#x9;at junit.framework.TestSuite.&lt;init&gt;(TestSuite.java:75)&#xd;&#xa;&#x9;at org.apache.tools.ant.taskdefs.optional.junit.JUnitTestRunner.run(JUnitTestRunner.java:485)&#xd;&#xa;&#x9;at org.apache.tools.ant.taskdefs.optional.junit.JUnitTestRunner.launch(JUnitTestRunner.java:1060)&#xd;&#xa;&#x9;at org.apache.tools.ant.taskdefs.optional.junit.JUnitTestRunner.main(JUnitTestRunner.java:911)&#xd;&#xa;)" type="junit.framework.AssertionFailedError">junit.framework.AssertionFailedError: Exception in constructor: testsubFloat (java.lang.VerifyError: Expecting a stackmap frame at branch target 87
Exception Details:
  Location:
    com/hcl/Calculator.divideInt(II)I @31: ifeq
  Reason:
    Expected stackmap frame at this location.
  Bytecode:
    0000000: 033e 11ff ff36 04b8 000f 1211 b600 1511
    0000010: 0012 b600 1b1c 1100 123e 1100 0036 0499
    0000020: 0038 1d11 0012 a000 1f15 0411 0000 a000
    0000030: 17b8 000f 1211 b600 151d 1504 04b6 002d
    0000040: 11ff ff36 04b8 000f 1211 b600 1511 0013
    0000050: b600 1b1b 1c6c ac15 049b 0017 b800 0f12
    0000060: 11b6 0015 1d15 0403 b600 2d11 ffff 3604
    0000070: b800 0f12 11b6 0015 1100 15b6 001b 03ac
    0000080:                                        

	at com.hcl.CalculatorTest.&lt;init&gt;(CalculatorTest.java:7)
	at java.lang.reflect.Constructor.newInstance(Unknown Source)
)
</failure>

      </testcase>

      <testcase classname="junit.framework.TestSuite$1" name="warning" time="0.0">
          <failure message="Exception in constructor: testaddInt (java.lang.VerifyError: Expecting a stackmap frame at branch target 87&#xa;Exception Details:&#xa;  Location:&#xa;    com/hcl/Calculator.divideInt(II)I @31: ifeq&#xa;  Reason:&#xa;    Expected stackmap frame at this location.&#xa;  Bytecode:&#xa;    0000000: 033e 11ff ff36 04b8 000f 1211 b600 1511&#xa;    0000010: 0012 b600 1b1c 1100 123e 1100 0036 0499&#xa;    0000020: 0038 1d11 0012 a000 1f15 0411 0000 a000&#xa;    0000030: 17b8 000f 1211 b600 151d 1504 04b6 002d&#xa;    0000040: 11ff ff36 04b8 000f 1211 b600 1511 0013&#xa;    0000050: b600 1b1b 1c6c ac15 049b 0017 b800 0f12&#xa;    0000060: 11b6 0015 1d15 0403 b600 2d11 ffff 3604&#xa;    0000070: b800 0f12 11b6 0015 1100 15b6 001b 03ac&#xa;    0000080:                                        &#xa;&#xd;&#xa;&#x9;at com.hcl.CalculatorTest.&lt;init&gt;(CalculatorTest.java:7)&#xd;&#xa;&#x9;at sun.reflect.NativeConstructorAccessorImpl.newInstance0(Native Method)&#xd;&#xa;&#x9;at sun.reflect.NativeConstructorAccessorImpl.newInstance(Unknown Source)&#xd;&#xa;&#x9;at sun.reflect.DelegatingConstructorAccessorImpl.newInstance(Unknown Source)&#xd;&#xa;&#x9;at java.lang.reflect.Constructor.newInstance(Unknown Source)&#xd;&#xa;&#x9;at junit.framework.TestSuite.createTest(TestSuite.java:131)&#xd;&#xa;&#x9;at junit.framework.TestSuite.addTestMethod(TestSuite.java:114)&#xd;&#xa;&#x9;at junit.framework.TestSuite.&lt;init&gt;(TestSuite.java:75)&#xd;&#xa;&#x9;at org.apache.tools.ant.taskdefs.optional.junit.JUnitTestRunner.run(JUnitTestRunner.java:485)&#xd;&#xa;&#x9;at org.apache.tools.ant.taskdefs.optional.junit.JUnitTestRunner.launch(JUnitTestRunner.java:1060)&#xd;&#xa;&#x9;at org.apache.tools.ant.taskdefs.optional.junit.JUnitTestRunner.main(JUnitTestRunner.java:911)&#xd;&#xa;)" type="junit.framework.AssertionFailedError">junit.framework.AssertionFailedError: Exception in constructor: testaddInt (java.lang.VerifyError: Expecting a stackmap frame at branch target 87
Exception Details:
  Location:
    com/hcl/Calculator.divideInt(II)I @31: ifeq
  Reason:
    Expected stackmap frame at this location.
  Bytecode:
    0000000: 033e 11ff ff36 04b8 000f 1211 b600 1511
    0000010: 0012 b600 1b1c 1100 123e 1100 0036 0499
    0000020: 0038 1d11 0012 a000 1f15 0411 0000 a000
    0000030: 17b8 000f 1211 b600 151d 1504 04b6 002d
    0000040: 11ff ff36 04b8 000f 1211 b600 1511 0013
    0000050: b600 1b1b 1c6c ac15 049b 0017 b800 0f12
    0000060: 11b6 0015 1d15 0403 b600 2d11 ffff 3604
    0000070: b800 0f12 11b6 0015 1100 15b6 001b 03ac
    0000080:                                        

	at com.hcl.CalculatorTest.&lt;init&gt;(CalculatorTest.java:7)
	at java.lang.reflect.Constructor.newInstance(Unknown Source)
)
</failure>

      </testcase>

      <testcase classname="junit.framework.TestSuite$1" name="warning" time="0.0">
          <failure message="Exception in constructor: testDivideInt (java.lang.VerifyError: Expecting a stackmap frame at branch target 87&#xa;Exception Details:&#xa;  Location:&#xa;    com/hcl/Calculator.divideInt(II)I @31: ifeq&#xa;  Reason:&#xa;    Expected stackmap frame at this location.&#xa;  Bytecode:&#xa;    0000000: 033e 11ff ff36 04b8 000f 1211 b600 1511&#xa;    0000010: 0012 b600 1b1c 1100 123e 1100 0036 0499&#xa;    0000020: 0038 1d11 0012 a000 1f15 0411 0000 a000&#xa;    0000030: 17b8 000f 1211 b600 151d 1504 04b6 002d&#xa;    0000040: 11ff ff36 04b8 000f 1211 b600 1511 0013&#xa;    0000050: b600 1b1b 1c6c ac15 049b 0017 b800 0f12&#xa;    0000060: 11b6 0015 1d15 0403 b600 2d11 ffff 3604&#xa;    0000070: b800 0f12 11b6 0015 1100 15b6 001b 03ac&#xa;    0000080:                                        &#xa;&#xd;&#xa;&#x9;at com.hcl.CalculatorTest.&lt;init&gt;(CalculatorTest.java:7)&#xd;&#xa;&#x9;at sun.reflect.NativeConstructorAccessorImpl.newInstance0(Native Method)&#xd;&#xa;&#x9;at sun.reflect.NativeConstructorAccessorImpl.newInstance(Unknown Source)&#xd;&#xa;&#x9;at sun.reflect.DelegatingConstructorAccessorImpl.newInstance(Unknown Source)&#xd;&#xa;&#x9;at java.lang.reflect.Constructor.newInstance(Unknown Source)&#xd;&#xa;&#x9;at junit.framework.TestSuite.createTest(TestSuite.java:131)&#xd;&#xa;&#x9;at junit.framework.TestSuite.addTestMethod(TestSuite.java:114)&#xd;&#xa;&#x9;at junit.framework.TestSuite.&lt;init&gt;(TestSuite.java:75)&#xd;&#xa;&#x9;at org.apache.tools.ant.taskdefs.optional.junit.JUnitTestRunner.run(JUnitTestRunner.java:485)&#xd;&#xa;&#x9;at org.apache.tools.ant.taskdefs.optional.junit.JUnitTestRunner.launch(JUnitTestRunner.java:1060)&#xd;&#xa;&#x9;at org.apache.tools.ant.taskdefs.optional.junit.JUnitTestRunner.main(JUnitTestRunner.java:911)&#xd;&#xa;)" type="junit.framework.AssertionFailedError">junit.framework.AssertionFailedError: Exception in constructor: testDivideInt (java.lang.VerifyError: Expecting a stackmap frame at branch target 87
Exception Details:
  Location:
    com/hcl/Calculator.divideInt(II)I @31: ifeq
  Reason:
    Expected stackmap frame at this location.
  Bytecode:
    0000000: 033e 11ff ff36 04b8 000f 1211 b600 1511
    0000010: 0012 b600 1b1c 1100 123e 1100 0036 0499
    0000020: 0038 1d11 0012 a000 1f15 0411 0000 a000
    0000030: 17b8 000f 1211 b600 151d 1504 04b6 002d
    0000040: 11ff ff36 04b8 000f 1211 b600 1511 0013
    0000050: b600 1b1b 1c6c ac15 049b 0017 b800 0f12
    0000060: 11b6 0015 1d15 0403 b600 2d11 ffff 3604
    0000070: b800 0f12 11b6 0015 1100 15b6 001b 03ac
    0000080:                                        

	at com.hcl.CalculatorTest.&lt;init&gt;(CalculatorTest.java:7)
	at java.lang.reflect.Constructor.newInstance(Unknown Source)
)
</failure>

      </testcase>

      <testcase classname="junit.framework.TestSuite$1" name="warning" time="0.0">
          <failure message="Exception in constructor: testaddFloat (java.lang.VerifyError: Expecting a stackmap frame at branch target 87&#xa;Exception Details:&#xa;  Location:&#xa;    com/hcl/Calculator.divideInt(II)I @31: ifeq&#xa;  Reason:&#xa;    Expected stackmap frame at this location.&#xa;  Bytecode:&#xa;    0000000: 033e 11ff ff36 04b8 000f 1211 b600 1511&#xa;    0000010: 0012 b600 1b1c 1100 123e 1100 0036 0499&#xa;    0000020: 0038 1d11 0012 a000 1f15 0411 0000 a000&#xa;    0000030: 17b8 000f 1211 b600 151d 1504 04b6 002d&#xa;    0000040: 11ff ff36 04b8 000f 1211 b600 1511 0013&#xa;    0000050: b600 1b1b 1c6c ac15 049b 0017 b800 0f12&#xa;    0000060: 11b6 0015 1d15 0403 b600 2d11 ffff 3604&#xa;    0000070: b800 0f12 11b6 0015 1100 15b6 001b 03ac&#xa;    0000080:                                        &#xa;&#xd;&#xa;&#x9;at com.hcl.CalculatorTest.&lt;init&gt;(CalculatorTest.java:7)&#xd;&#xa;&#x9;at sun.reflect.NativeConstructorAccessorImpl.newInstance0(Native Method)&#xd;&#xa;&#x9;at sun.reflect.NativeConstructorAccessorImpl.newInstance(Unknown Source)&#xd;&#xa;&#x9;at sun.reflect.DelegatingConstructorAccessorImpl.newInstance(Unknown Source)&#xd;&#xa;&#x9;at java.lang.reflect.Constructor.newInstance(Unknown Source)&#xd;&#xa;&#x9;at junit.framework.TestSuite.createTest(TestSuite.java:131)&#xd;&#xa;&#x9;at junit.framework.TestSuite.addTestMethod(TestSuite.java:114)&#xd;&#xa;&#x9;at junit.framework.TestSuite.&lt;init&gt;(TestSuite.java:75)&#xd;&#xa;&#x9;at org.apache.tools.ant.taskdefs.optional.junit.JUnitTestRunner.run(JUnitTestRunner.java:485)&#xd;&#xa;&#x9;at org.apache.tools.ant.taskdefs.optional.junit.JUnitTestRunner.launch(JUnitTestRunner.java:1060)&#xd;&#xa;&#x9;at org.apache.tools.ant.taskdefs.optional.junit.JUnitTestRunner.main(JUnitTestRunner.java:911)&#xd;&#xa;)" type="junit.framework.AssertionFailedError">junit.framework.AssertionFailedError: Exception in constructor: testaddFloat (java.lang.VerifyError: Expecting a stackmap frame at branch target 87
Exception Details:
  Location:
    com/hcl/Calculator.divideInt(II)I @31: ifeq
  Reason:
    Expected stackmap frame at this location.
  Bytecode:
    0000000: 033e 11ff ff36 04b8 000f 1211 b600 1511
    0000010: 0012 b600 1b1c 1100 123e 1100 0036 0499
    0000020: 0038 1d11 0012 a000 1f15 0411 0000 a000
    0000030: 17b8 000f 1211 b600 151d 1504 04b6 002d
    0000040: 11ff ff36 04b8 000f 1211 b600 1511 0013
    0000050: b600 1b1b 1c6c ac15 049b 0017 b800 0f12
    0000060: 11b6 0015 1d15 0403 b600 2d11 ffff 3604
    0000070: b800 0f12 11b6 0015 1100 15b6 001b 03ac
    0000080:                                        

	at com.hcl.CalculatorTest.&lt;init&gt;(CalculatorTest.java:7)
	at java.lang.reflect.Constructor.newInstance(Unknown Source)
)
</failure>

      </testcase>

      <system-out><![CDATA[]]></system-out>

      <system-err><![CDATA[]]></system-err>

  </testsuite>
</testsuites>
