<?xml version="1.0" encoding="UTF-8" ?>
<testsuites>
  <testsuite errors="0" failures="4" hostname="Manish-VAIO" id="0" name="CalculatorTest" package="com.hcl" tests="4" time="0.437" timestamp="2014-01-27T05:53:12">
      <properties>
          <property name="java.vendor" value="Oracle Corporation" />

          <property name="sun.java.launcher" value="SUN_STANDARD" />

          <property name="eclipse.pdebuild.templates" value="/C:/Professional Life/eclipse/plugins/org.eclipse.pde.build_3.8.100.v20130514-1028/templates/" />

          <property name="sun.management.compiler" value="HotSpot 64-Bit Tiered Compilers" />

          <property name="os.name" value="Windows 7" />

          <property name="sun.boot.class.path" value="C:\Program Files\Java\jre7\lib\resources.jar;C:\Program Files\Java\jre7\lib\rt.jar;C:\Program Files\Java\jre7\lib\sunrsasign.jar;C:\Program Files\Java\jre7\lib\jsse.jar;C:\Program Files\Java\jre7\lib\jce.jar;C:\Program Files\Java\jre7\lib\charsets.jar;C:\Program Files\Java\jre7\lib\jfr.jar;C:\Program Files\Java\jre7\classes" />

          <property name="reports.html.dir" value="reports/junit-html" />

          <property name="sun.desktop" value="windows" />

          <property name="java.vm.specification.vendor" value="Oracle Corporation" />

          <property name="ant.home" value="C:\Professional Life\eclipse\plugins\org.apache.ant_1.8.4.v201303080030" />

          <property name="java.runtime.version" value="1.7.0_45-b18" />

          <property name="cobertura.dir" value="." />

          <property name="user.name" value="Manish" />

          <property name="user.language" value="en" />

          <property name="sun.boot.library.path" value="C:\Program Files\Java\jre7\bin" />

          <property name="reports.dir" value="reports" />

          <property name="ant.project.default-target" value="coverage" />

          <property name="ant.project.name" value="CoberturaProject" />

          <property name="java.version" value="1.7.0_45" />

          <property name="coverage.html.dir" value="reports/cobertura-html" />

          <property name="user.timezone" value="" />

          <property name="sun.arch.data.model" value="64" />

          <property name="java.endorsed.dirs" value="C:\Program Files\Java\jre7\lib\endorsed" />

          <property name="sun.cpu.isalist" value="amd64" />

          <property name="sun.jnu.encoding" value="Cp1252" />

          <property name="file.encoding.pkg" value="sun.io" />

          <property name="file.separator" value="\" />

          <property name="java.specification.name" value="Java Platform API Specification" />

          <property name="classes.dir" value="classes" />

          <property name="java.class.version" value="51.0" />

          <property name="ant.file.CoberturaProject" value="C:\Professional Life\WorkSpace\Learning WS\CoberturaTest\build.xml" />

          <property name="user.country" value="GB" />

          <property name="java.home" value="C:\Program Files\Java\jre7" />

          <property name="java.vm.info" value="mixed mode" />

          <property name="ant.file" value="C:\Professional Life\WorkSpace\Learning WS\CoberturaTest\build.xml" />

          <property name="os.version" value="6.1" />

          <property name="path.separator" value=";" />

          <property name="java.vm.version" value="24.45-b08" />

          <property name="user.variant" value="" />

          <property name="ant.library.dir" value="C:\Professional Life\eclipse\plugins\org.apache.ant_1.8.4.v201303080030\lib" />

          <property name="java.awt.printerjob" value="sun.awt.windows.WPrinterJob" />

          <property name="sun.io.unicode.encoding" value="UnicodeLittle" />

          <property name="awt.toolkit" value="sun.awt.windows.WToolkit" />

          <property name="user.script" value="" />

          <property name="eclipse.pdebuild.scripts" value="/C:/Professional Life/eclipse/plugins/org.eclipse.pde.build_3.8.100.v20130514-1028/scripts/" />

          <property name="reports.xml.dir" value="reports/junit-xml" />

          <property name="user.home" value="C:\Users\Manish" />

          <property name="java.specification.vendor" value="Oracle Corporation" />

          <property name="coverage.xml.dir" value="reports/cobertura-xml" />

          <property name="java.library.path" value="C:\Program Files\Java\jre7\bin;C:\Windows\Sun\Java\bin;C:\Windows\system32;C:\Windows;C:\oraclexe\app\oracle\product\11.2.0\server\bin;;C:\Program Files\Common Files\Microsoft Shared\Windows Live;C:\Program Files (x86)\Common Files\Microsoft Shared\Windows Live;C:\oraclexe\app\oracle\product\11.2.0\server\bin;C:\Windows\SYSTEM32;C:\Windows;C:\Windows\SYSTEM32\WBEM;C:\Windows\SYSTEM32\WINDOWSPOWERSHELL\V1.0\;C:\PROGRAM FILES (X86)\ATI TECHNOLOGIES\ATI.ACE\CORE-STATIC;C:\PROGRAM FILES (X86)\COMMON FILES\ROXIO SHARED\10.0\DLLSHARED\;C:\PROGRAM FILES (X86)\WINDOWS LIVE\SHARED;C:\Professional Life\apache-maven-3.0.4\bin;." />

          <property name="java.vendor.url" value="http://java.oracle.com/" />

          <property name="ant.file.type.CoberturaProject" value="file" />

          <property name="java.vm.vendor" value="Oracle Corporation" />

          <property name="java.runtime.name" value="Java(TM) SE Runtime Environment" />

          <property name="sun.java.command" value="org.apache.tools.ant.taskdefs.optional.junit.JUnitTestRunner com.hcl.CalculatorTest filtertrace=true haltOnError=false haltOnFailure=false showoutput=false outputtoformatters=true logfailedtests=true logtestlistenerevents=false formatter=org.apache.tools.ant.taskdefs.optional.junit.XMLJUnitResultFormatter,C:\Professional Life\WorkSpace\Learning WS\CoberturaTest\reports\junit-xml\TEST-com.hcl.CalculatorTest.xml crashfile=C:\Professional Life\WorkSpace\Learning WS\CoberturaTest\junitvmwatcher8548280016945909361.properties propsfile=C:\Professional Life\WorkSpace\Learning WS\CoberturaTest\junit3029547997326455101.properties" />

          <property name="java.class.path" value="C:\Professional Life\WorkSpace\Learning WS\CoberturaTest\instrumented;C:\Professional Life\WorkSpace\Learning WS\CoberturaTest\classes;C:\Professional Life\WorkSpace\Learning WS\CoberturaTest\cobertura.jar;C:\Professional Life\WorkSpace\Learning WS\CoberturaTest\lib\asm-2.2.1.jar;C:\Professional Life\WorkSpace\Learning WS\CoberturaTest\lib\asm-tree-2.2.1.jar;C:\Professional Life\WorkSpace\Learning WS\CoberturaTest\lib\jakarta-oro-2.0.8.jar;C:\Professional Life\WorkSpace\Learning WS\CoberturaTest\lib\junit.jar;C:\Professional Life\WorkSpace\Learning WS\CoberturaTest\lib\log4j-1.2.9.jar;C:\Oracle\Middleware\modules;C:\Professional Life\eclipse\plugins\org.apache.ant_1.8.4.v201303080030\lib\ant-launcher.jar;C:\Professional Life\eclipse\plugins\org.apache.ant_1.8.4.v201303080030\lib\ant.jar;C:\Professional Life\eclipse\plugins\org.apache.ant_1.8.4.v201303080030\lib\ant-junit.jar;C:\Professional Life\eclipse\plugins\org.apache.ant_1.8.4.v201303080030\lib\ant-junit4.jar" />

          <property name="ant.version" value="Apache Ant(TM) version 1.8.4 compiled on May 22 2012" />

          <property name="java.vm.specification.name" value="Java Virtual Machine Specification" />

          <property name="java.vm.specification.version" value="1.7" />

          <property name="sun.cpu.endian" value="little" />

          <property name="sun.os.patch.level" value="Service Pack 1" />

          <property name="eclipse.pdebuild.home" value="/C:/Professional Life/eclipse/plugins/org.eclipse.pde.build_3.8.100.v20130514-1028/./" />

          <property name="java.io.tmpdir" value="C:\Users\Manish\AppData\Local\Temp\" />

          <property name="java.vendor.url.bug" value="http://bugreport.sun.com/bugreport/" />

          <property name="os.arch" value="amd64" />

          <property name="java.awt.graphicsenv" value="sun.awt.Win32GraphicsEnvironment" />

          <property name="instrumented.dir" value="instrumented" />

          <property name="java.ext.dirs" value="C:\Program Files\Java\jre7\lib\ext;C:\Windows\Sun\Java\lib\ext" />

          <property name="user.dir" value="C:\Professional Life\WorkSpace\Learning WS\CoberturaTest" />

          <property name="line.separator" value="&#xd;&#xa;" />

          <property name="java.vm.name" value="Java HotSpot(TM) 64-Bit Server VM" />

          <property name="basedir" value="C:\Professional Life\WorkSpace\Learning WS\CoberturaTest" />

          <property name="ant.java.version" value="1.7" />

          <property name="ant.core.lib" value="C:\Professional Life\eclipse\plugins\org.apache.ant_1.8.4.v201303080030\lib\ant.jar" />

          <property name="file.encoding" value="Cp1252" />

          <property name="java.specification.version" value="1.7" />

          <property name="src.dir" value="src" />

          <property name="ant.project.invoked-targets" value="coverage" />

      </properties>

      <testcase classname="junit.framework.TestSuite$1" name="warning" time="0.016">
          <failure message="Exception in constructor: testsubFloat (java.lang.VerifyError: Expecting a stackmap frame at branch target 87&#xa;Exception Details:&#xa;  Location:&#xa;    com/hcl/Calculator.divideInt(II)I @31: ifeq&#xa;  Reason:&#xa;    Expected stackmap frame at this location.&#xa;  Bytecode:&#xa;    0000000: 033e 11ff ff36 04b8 000f 1211 b600 1511&#xa;    0000010: 0012 b600 1b1c 1100 123e 1100 0036 0499&#xa;    0000020: 0038 1d11 0012 a000 1f15 0411 0000 a000&#xa;    0000030: 17b8 000f 1211 b600 151d 1504 04b6 002d&#xa;    0000040: 11ff ff36 04b8 000f 1211 b600 1511 0013&#xa;    0000050: b600 1b1b 1c6c ac15 049b 0017 b800 0f12&#xa;    0000060: 11b6 0015 1d15 0403 b600 2d11 ffff 3604&#xa;    0000070: b800 0f12 11b6 0015 1100 15b6 001b 03ac&#xa;    0000080:                                        &#xa;&#xd;&#xa;&#x9;at com.hcl.CalculatorTest.&lt;init&gt;(CalculatorTest.java:7)&#xd;&#xa;&#x9;at sun.reflect.NativeConstructorAccessorImpl.newInstance0(Native Method)&#xd;&#xa;&#x9;at sun.reflect.NativeConstructorAccessorImpl.newInstance(Unknown Source)&#xd;&#xa;&#x9;at sun.reflect.DelegatingConstructorAccessorImpl.newInstance(Unknown Source)&#xd;&#xa;&#x9;at java.lang.reflect.Constructor.newInstance(Unknown Source)&#xd;&#xa;&#x9;at junit.framework.TestSuite.createTest(TestSuite.java:131)&#xd;&#xa;&#x9;at junit.framework.TestSuite.addTestMethod(TestSuite.java:114)&#xd;&#xa;&#x9;at junit.framework.TestSuite.&lt;init&gt;(TestSuite.java:75)&#xd;&#xa;&#x9;at org.apache.tools.ant.taskdefs.optional.junit.JUnitTestRunner.run(JUnitTestRunner.java:485)&#xd;&#xa;&#x9;at org.apache.tools.ant.taskdefs.optional.junit.JUnitTestRunner.launch(JUnitTestRunner.java:1060)&#xd;&#xa;&#x9;at org.apache.tools.ant.taskdefs.optional.junit.JUnitTestRunner.main(JUnitTestRunner.java:911)&#xd;&#xa;)" type="junit.framework.AssertionFailedError">junit.framework.AssertionFailedError: Exception in constructor: testsubFloat (java.lang.VerifyError: Expecting a stackmap frame at branch target 87
Exception Details:
  Location:
    com/hcl/Calculator.divideInt(II)I @31: ifeq
  Reason:
    Expected stackmap frame at this location.
  Bytecode:
    0000000: 033e 11ff ff36 04b8 000f 1211 b600 1511
    0000010: 0012 b600 1b1c 1100 123e 1100 0036 0499
    0000020: 0038 1d11 0012 a000 1f15 0411 0000 a000
    0000030: 17b8 000f 1211 b600 151d 1504 04b6 002d
    0000040: 11ff ff36 04b8 000f 1211 b600 1511 0013
    0000050: b600 1b1b 1c6c ac15 049b 0017 b800 0f12
    0000060: 11b6 0015 1d15 0403 b600 2d11 ffff 3604
    0000070: b800 0f12 11b6 0015 1100 15b6 001b 03ac
    0000080:                                        

	at com.hcl.CalculatorTest.&lt;init&gt;(CalculatorTest.java:7)
	at java.lang.reflect.Constructor.newInstance(Unknown Source)
)
</failure>

      </testcase>

      <testcase classname="junit.framework.TestSuite$1" name="warning" time="0.0">
          <failure message="Exception in constructor: testaddInt (java.lang.VerifyError: Expecting a stackmap frame at branch target 87&#xa;Exception Details:&#xa;  Location:&#xa;    com/hcl/Calculator.divideInt(II)I @31: ifeq&#xa;  Reason:&#xa;    Expected stackmap frame at this location.&#xa;  Bytecode:&#xa;    0000000: 033e 11ff ff36 04b8 000f 1211 b600 1511&#xa;    0000010: 0012 b600 1b1c 1100 123e 1100 0036 0499&#xa;    0000020: 0038 1d11 0012 a000 1f15 0411 0000 a000&#xa;    0000030: 17b8 000f 1211 b600 151d 1504 04b6 002d&#xa;    0000040: 11ff ff36 04b8 000f 1211 b600 1511 0013&#xa;    0000050: b600 1b1b 1c6c ac15 049b 0017 b800 0f12&#xa;    0000060: 11b6 0015 1d15 0403 b600 2d11 ffff 3604&#xa;    0000070: b800 0f12 11b6 0015 1100 15b6 001b 03ac&#xa;    0000080:                                        &#xa;&#xd;&#xa;&#x9;at com.hcl.CalculatorTest.&lt;init&gt;(CalculatorTest.java:7)&#xd;&#xa;&#x9;at sun.reflect.NativeConstructorAccessorImpl.newInstance0(Native Method)&#xd;&#xa;&#x9;at sun.reflect.NativeConstructorAccessorImpl.newInstance(Unknown Source)&#xd;&#xa;&#x9;at sun.reflect.DelegatingConstructorAccessorImpl.newInstance(Unknown Source)&#xd;&#xa;&#x9;at java.lang.reflect.Constructor.newInstance(Unknown Source)&#xd;&#xa;&#x9;at junit.framework.TestSuite.createTest(TestSuite.java:131)&#xd;&#xa;&#x9;at junit.framework.TestSuite.addTestMethod(TestSuite.java:114)&#xd;&#xa;&#x9;at junit.framework.TestSuite.&lt;init&gt;(TestSuite.java:75)&#xd;&#xa;&#x9;at org.apache.tools.ant.taskdefs.optional.junit.JUnitTestRunner.run(JUnitTestRunner.java:485)&#xd;&#xa;&#x9;at org.apache.tools.ant.taskdefs.optional.junit.JUnitTestRunner.launch(JUnitTestRunner.java:1060)&#xd;&#xa;&#x9;at org.apache.tools.ant.taskdefs.optional.junit.JUnitTestRunner.main(JUnitTestRunner.java:911)&#xd;&#xa;)" type="junit.framework.AssertionFailedError">junit.framework.AssertionFailedError: Exception in constructor: testaddInt (java.lang.VerifyError: Expecting a stackmap frame at branch target 87
Exception Details:
  Location:
    com/hcl/Calculator.divideInt(II)I @31: ifeq
  Reason:
    Expected stackmap frame at this location.
  Bytecode:
    0000000: 033e 11ff ff36 04b8 000f 1211 b600 1511
    0000010: 0012 b600 1b1c 1100 123e 1100 0036 0499
    0000020: 0038 1d11 0012 a000 1f15 0411 0000 a000
    0000030: 17b8 000f 1211 b600 151d 1504 04b6 002d
    0000040: 11ff ff36 04b8 000f 1211 b600 1511 0013
    0000050: b600 1b1b 1c6c ac15 049b 0017 b800 0f12
    0000060: 11b6 0015 1d15 0403 b600 2d11 ffff 3604
    0000070: b800 0f12 11b6 0015 1100 15b6 001b 03ac
    0000080:                                        

	at com.hcl.CalculatorTest.&lt;init&gt;(CalculatorTest.java:7)
	at java.lang.reflect.Constructor.newInstance(Unknown Source)
)
</failure>

      </testcase>

      <testcase classname="junit.framework.TestSuite$1" name="warning" time="0.0">
          <failure message="Exception in constructor: testDivideInt (java.lang.VerifyError: Expecting a stackmap frame at branch target 87&#xa;Exception Details:&#xa;  Location:&#xa;    com/hcl/Calculator.divideInt(II)I @31: ifeq&#xa;  Reason:&#xa;    Expected stackmap frame at this location.&#xa;  Bytecode:&#xa;    0000000: 033e 11ff ff36 04b8 000f 1211 b600 1511&#xa;    0000010: 0012 b600 1b1c 1100 123e 1100 0036 0499&#xa;    0000020: 0038 1d11 0012 a000 1f15 0411 0000 a000&#xa;    0000030: 17b8 000f 1211 b600 151d 1504 04b6 002d&#xa;    0000040: 11ff ff36 04b8 000f 1211 b600 1511 0013&#xa;    0000050: b600 1b1b 1c6c ac15 049b 0017 b800 0f12&#xa;    0000060: 11b6 0015 1d15 0403 b600 2d11 ffff 3604&#xa;    0000070: b800 0f12 11b6 0015 1100 15b6 001b 03ac&#xa;    0000080:                                        &#xa;&#xd;&#xa;&#x9;at com.hcl.CalculatorTest.&lt;init&gt;(CalculatorTest.java:7)&#xd;&#xa;&#x9;at sun.reflect.NativeConstructorAccessorImpl.newInstance0(Native Method)&#xd;&#xa;&#x9;at sun.reflect.NativeConstructorAccessorImpl.newInstance(Unknown Source)&#xd;&#xa;&#x9;at sun.reflect.DelegatingConstructorAccessorImpl.newInstance(Unknown Source)&#xd;&#xa;&#x9;at java.lang.reflect.Constructor.newInstance(Unknown Source)&#xd;&#xa;&#x9;at junit.framework.TestSuite.createTest(TestSuite.java:131)&#xd;&#xa;&#x9;at junit.framework.TestSuite.addTestMethod(TestSuite.java:114)&#xd;&#xa;&#x9;at junit.framework.TestSuite.&lt;init&gt;(TestSuite.java:75)&#xd;&#xa;&#x9;at org.apache.tools.ant.taskdefs.optional.junit.JUnitTestRunner.run(JUnitTestRunner.java:485)&#xd;&#xa;&#x9;at org.apache.tools.ant.taskdefs.optional.junit.JUnitTestRunner.launch(JUnitTestRunner.java:1060)&#xd;&#xa;&#x9;at org.apache.tools.ant.taskdefs.optional.junit.JUnitTestRunner.main(JUnitTestRunner.java:911)&#xd;&#xa;)" type="junit.framework.AssertionFailedError">junit.framework.AssertionFailedError: Exception in constructor: testDivideInt (java.lang.VerifyError: Expecting a stackmap frame at branch target 87
Exception Details:
  Location:
    com/hcl/Calculator.divideInt(II)I @31: ifeq
  Reason:
    Expected stackmap frame at this location.
  Bytecode:
    0000000: 033e 11ff ff36 04b8 000f 1211 b600 1511
    0000010: 0012 b600 1b1c 1100 123e 1100 0036 0499
    0000020: 0038 1d11 0012 a000 1f15 0411 0000 a000
    0000030: 17b8 000f 1211 b600 151d 1504 04b6 002d
    0000040: 11ff ff36 04b8 000f 1211 b600 1511 0013
    0000050: b600 1b1b 1c6c ac15 049b 0017 b800 0f12
    0000060: 11b6 0015 1d15 0403 b600 2d11 ffff 3604
    0000070: b800 0f12 11b6 0015 1100 15b6 001b 03ac
    0000080:                                        

	at com.hcl.CalculatorTest.&lt;init&gt;(CalculatorTest.java:7)
	at java.lang.reflect.Constructor.newInstance(Unknown Source)
)
</failure>

      </testcase>

      <testcase classname="junit.framework.TestSuite$1" name="warning" time="0.0">
          <failure message="Exception in constructor: testaddFloat (java.lang.VerifyError: Expecting a stackmap frame at branch target 87&#xa;Exception Details:&#xa;  Location:&#xa;    com/hcl/Calculator.divideInt(II)I @31: ifeq&#xa;  Reason:&#xa;    Expected stackmap frame at this location.&#xa;  Bytecode:&#xa;    0000000: 033e 11ff ff36 04b8 000f 1211 b600 1511&#xa;    0000010: 0012 b600 1b1c 1100 123e 1100 0036 0499&#xa;    0000020: 0038 1d11 0012 a000 1f15 0411 0000 a000&#xa;    0000030: 17b8 000f 1211 b600 151d 1504 04b6 002d&#xa;    0000040: 11ff ff36 04b8 000f 1211 b600 1511 0013&#xa;    0000050: b600 1b1b 1c6c ac15 049b 0017 b800 0f12&#xa;    0000060: 11b6 0015 1d15 0403 b600 2d11 ffff 3604&#xa;    0000070: b800 0f12 11b6 0015 1100 15b6 001b 03ac&#xa;    0000080:                                        &#xa;&#xd;&#xa;&#x9;at com.hcl.CalculatorTest.&lt;init&gt;(CalculatorTest.java:7)&#xd;&#xa;&#x9;at sun.reflect.NativeConstructorAccessorImpl.newInstance0(Native Method)&#xd;&#xa;&#x9;at sun.reflect.NativeConstructorAccessorImpl.newInstance(Unknown Source)&#xd;&#xa;&#x9;at sun.reflect.DelegatingConstructorAccessorImpl.newInstance(Unknown Source)&#xd;&#xa;&#x9;at java.lang.reflect.Constructor.newInstance(Unknown Source)&#xd;&#xa;&#x9;at junit.framework.TestSuite.createTest(TestSuite.java:131)&#xd;&#xa;&#x9;at junit.framework.TestSuite.addTestMethod(TestSuite.java:114)&#xd;&#xa;&#x9;at junit.framework.TestSuite.&lt;init&gt;(TestSuite.java:75)&#xd;&#xa;&#x9;at org.apache.tools.ant.taskdefs.optional.junit.JUnitTestRunner.run(JUnitTestRunner.java:485)&#xd;&#xa;&#x9;at org.apache.tools.ant.taskdefs.optional.junit.JUnitTestRunner.launch(JUnitTestRunner.java:1060)&#xd;&#xa;&#x9;at org.apache.tools.ant.taskdefs.optional.junit.JUnitTestRunner.main(JUnitTestRunner.java:911)&#xd;&#xa;)" type="junit.framework.AssertionFailedError">junit.framework.AssertionFailedError: Exception in constructor: testaddFloat (java.lang.VerifyError: Expecting a stackmap frame at branch target 87
Exception Details:
  Location:
    com/hcl/Calculator.divideInt(II)I @31: ifeq
  Reason:
    Expected stackmap frame at this location.
  Bytecode:
    0000000: 033e 11ff ff36 04b8 000f 1211 b600 1511
    0000010: 0012 b600 1b1c 1100 123e 1100 0036 0499
    0000020: 0038 1d11 0012 a000 1f15 0411 0000 a000
    0000030: 17b8 000f 1211 b600 151d 1504 04b6 002d
    0000040: 11ff ff36 04b8 000f 1211 b600 1511 0013
    0000050: b600 1b1b 1c6c ac15 049b 0017 b800 0f12
    0000060: 11b6 0015 1d15 0403 b600 2d11 ffff 3604
    0000070: b800 0f12 11b6 0015 1100 15b6 001b 03ac
    0000080:                                        

	at com.hcl.CalculatorTest.&lt;init&gt;(CalculatorTest.java:7)
	at java.lang.reflect.Constructor.newInstance(Unknown Source)
)
</failure>

      </testcase>

      <system-out><![CDATA[]]></system-out>

      <system-err><![CDATA[]]></system-err>

  </testsuite>
</testsuites>
